<?xml version="1.0" encoding="UTF-8"?>
<testng-results ignored="0" total="1" passed="1" failed="0" skipped="0">
  <reporter-output>
  </reporter-output>
  <suite started-at="2026-06-15T17:13:19 IST" name="Default suite" finished-at="2026-06-15T17:13:23 IST" duration-ms="3835">
    <groups>
    </groups>
    <test started-at="2026-06-15T17:13:19 IST" name="Default test" finished-at="2026-06-15T17:13:23 IST" duration-ms="3835">
      <class name="com.test.UpdatePostPartialTest">
        <test-method signature="updatePostPartially()[pri:0, instance:com.test.UpdatePostPartialTest@1aafa419]" started-at="2026-06-15T17:13:19 IST" name="updatePostPartially" finished-at="2026-06-15T17:13:23 IST" duration-ms="3775" status="PASS">
          <reporter-output>
          </reporter-output>
        </test-method> <!-- updatePostPartially -->
      </class> <!-- com.test.UpdatePostPartialTest -->
    </test> <!-- Default test -->
  </suite> <!-- Default suite -->
</testng-results>
