<?xml version="1.0" encoding="UTF-8"?>
<!-- Generated by org.testng.reporters.JUnitXMLReporter -->
<testsuite ignored="0" hostname="VIGNESHWARAN" failures="0" tests="4" name="Test" time="9.228" errors="0" timestamp="2026-06-15T15:51:22 IST">
  <testcase classname="com.test.GetUsersTest" name="getUserTest" time="3.256"/>
  <testcase classname="com.test.SeleniumTest" name="testSite" time="4.195"/>
  <testcase classname="com.test.ValidateUserTest" name="validateUserTest" time="0.253"/>
  <testcase classname="com.test.CreateUserTest" name="createUser" time="1.443"/>
</testsuite> <!-- Test -->
