<?xml version="1.0" encoding="utf-8"?><testsuites name="pytest tests"><testsuite name="pytest" errors="0" failures="0" skipped="0" tests="8" time="29.980" timestamp="2026-06-10T15:09:24.131633+05:30" hostname="VIGNESHWARAN"><testcase classname="tests.search_test.TestSearch" name="test_invalid_product[Honda-There is no product that matches the search criteria.]" time="14.285" /><testcase classname="tests.login_test.TestLogin" name="test_invalid_login[hlhl@gmail.com-admin123-Warning: No match for E-Mail Address and/or Password.]" time="14.403" /><testcase classname="tests.search_test.TestSearch" name="test_valid_product[HP-HP LP3065]" time="13.865" /><testcase classname="tests.login_test.TestLogin" name="test_valid_login[hlhl@gmail.com-admin0]" time="13.605" /><testcase classname="tests.login_test.TestLogin" name="test_valid_login[hlhl@gmail.com-admin1]" time="13.222" /><testcase classname="tests.search_test.TestSearch" name="test_valid_product[iphone-iPhone]" time="12.953" /><testcase classname="tests.search_test.TestSearch" name="test_invalid_product[-There is no product that matches the search criteria.]" time="12.800" /><testcase classname="tests.login_test.TestLogin" name="test_invalid_login[hlhls@gmail.com-admin-Warning: No match for E-Mail Address and/or Password.]" time="12.969" /></testsuite></testsuites>