<?xml version="1.0" encoding="utf-8"?><testsuites name="pytest tests"><testsuite name="pytest" errors="0" failures="0" skipped="0" tests="4" time="18.611" timestamp="2026-06-10T13:12:38.357897+05:30" hostname="VIGNESHWARAN"><testcase classname="tests.login_test.TestLogin" name="test_invalid_login[hlhls@gmail.com-admin-Warning: No match for E-Mail Address and/or Password.]" time="15.886" /><testcase classname="tests.login_test.TestLogin" name="test_valid_login[hlhl@gmail.com-admin1]" time="15.810" /><testcase classname="tests.login_test.TestLogin" name="test_valid_login[hlhl@gmail.com-admin0]" time="14.661" /><testcase classname="tests.login_test.TestLogin" name="test_invalid_login[hlhl@gmail.com-admin123-Warning: No match for E-Mail Address and/or Password.]" time="15.731" /></testsuite></testsuites>