<?xml version="1.0" encoding="UTF-8"?>
<!-- Generated by org.testng.reporters.JUnitXMLReporter -->
<testsuite ignored="0" hostname="VIGNESHWARAN" failures="0" tests="4" name="Test" time="6.34" errors="0" timestamp="2026-06-16T16:38:09 IST">
  <testcase classname="tests.UsingJSONFile" name="createUserUsingJSONFile" time="5.01"/>
  <testcase classname="tests.UsingMap" name="createUserUsingMap" time="0.741"/>
  <testcase classname="tests.UsingJSONObject" name="createUserUsingJSONObject" time="0.219"/>
  <testcase classname="tests.UsingPOJO" name="createUserUsingPOJO" time="0.231"/>
</testsuite> <!-- Test -->
