<?xml version="1.0" encoding="UTF-8"?>
<!-- Generated by org.testng.reporters.JUnitXMLReporter -->
<testsuite ignored="0" hostname="VIGNESHWARAN" failures="0" tests="4" name="Test" time="3.769" errors="0" timestamp="2026-06-16T11:29:30 IST">
  <testcase classname="tests.UsingJSONFile" name="createUserUsingJSONFile" time="2.708"/>
  <testcase classname="tests.UsingMap" name="createUserUsingMap" time="0.547"/>
  <testcase classname="tests.UsingJSONObject" name="createUserUsingJSONObject" time="0.198"/>
  <testcase classname="tests.UsingPOJO" name="createUserUsingPOJO" time="0.223"/>
</testsuite> <!-- Test -->
