<?xml version="1.0" encoding="UTF-8"?>
<!-- Generated by org.testng.reporters.JUnitReportReporter -->
<testsuite hostname="VIGNESHWARAN" failures="0" tests="3" name="practice.SequenceCheck" time="0.019" errors="0" timestamp="2026-04-16T15:10:18 IST" skipped="0">
  <testcase classname="practice.SequenceCheck" name="b" time="0.013"/>
  <testcase classname="practice.SequenceCheck" name="c" time="0.003"/>
  <testcase classname="practice.SequenceCheck" name="a" time="0.003"/>
</testsuite> <!-- practice.SequenceCheck -->
