<?xml version="1.0" encoding="UTF-8"?>
<!-- Generated by org.testng.reporters.JUnitReportReporter -->
<testsuite hostname="VIGNESHWARAN" failures="0" tests="3" name="practice.NewTest" time="9.230" errors="0" timestamp="2026-04-17T15:27:46 IST" skipped="0">
  <testcase classname="practice.NewTest" name="loginTest" time="3.648"/>
  <testcase classname="practice.NewTest" name="invalidLoginTestWithWrongPassword" time="2.923"/>
  <testcase classname="practice.NewTest" name="invalidLoginTestWithWrongUsername" time="2.659"/>
</testsuite> <!-- practice.NewTest -->
