<?xml version="1.0" encoding="UTF-8"?>
<!-- Generated by org.testng.reporters.JUnitReportReporter -->
<testsuite hostname="VIGNESHWARAN" failures="0" tests="10" name="test.TutorialNinja" time="44.059" errors="0" timestamp="2026-04-21T21:53:33 IST" skipped="0">
  <testcase classname="test.TutorialNinja" name="validLoginTest" time="4.193"/>
  <testcase classname="test.TutorialNinja" name="searchTestWithInvalidDataSet" time="6.102"/>
  <testcase classname="test.TutorialNinja" name="searchTestWithInvalidDataSet" time="5.202"/>
  <testcase classname="test.TutorialNinja" name="invalidLoginTest" time="4.585"/>
  <testcase classname="test.TutorialNinja" name="searchTestWithValidDataSet" time="3.363"/>
  <testcase classname="test.TutorialNinja" name="searchTestWithValidDataSet" time="2.429"/>
  <testcase classname="test.TutorialNinja" name="invalidLoginTest" time="4.848"/>
  <testcase classname="test.TutorialNinja" name="validLoginTest" time="5.753"/>
  <testcase classname="test.TutorialNinja" name="searchTestWithInvalidDataSet" time="4.214"/>
  <testcase classname="test.TutorialNinja" name="searchTestWithValidDataSet" time="3.370"/>
</testsuite> <!-- test.TutorialNinja -->
