<?xml version="1.0" encoding="UTF-8"?>
<testng-results ignored="0" total="4" passed="3" failed="1" skipped="0">
  <reporter-output>
  </reporter-output>
  <suite started-at="2026-05-04T14:47:00 IST" name="Default suite" finished-at="2026-05-04T14:47:22 IST" duration-ms="21767">
    <groups>
      <group name="cucumber">
        <method signature="AbstractTestNGCucumberTests.runScenario(io.cucumber.testng.PickleWrapper,io.cucumber.testng.FeatureWrapper)[pri:0, instance:runner.TestRunner@45c7e403]" name="runScenario" class="io.cucumber.testng.AbstractTestNGCucumberTests"/>
      </group> <!-- cucumber -->
    </groups>
    <test started-at="2026-05-04T14:47:00 IST" name="Default test" finished-at="2026-05-04T14:47:22 IST" duration-ms="21767">
      <class name="runner.TestRunner">
        <test-method is-config="true" signature="setUpClass(org.testng.ITestContext)[pri:0, instance:runner.TestRunner@45c7e403]" started-at="2026-05-04T14:47:00 IST" name="setUpClass" finished-at="2026-05-04T14:47:01 IST" duration-ms="713" status="PASS">
          <params>
            <param index="0">
              <value>
                <![CDATA[org.testng.TestRunner@558756be]]>
              </value>
            </param>
          </params>
          <reporter-output>
          </reporter-output>
        </test-method> <!-- setUpClass -->
        <test-method signature="runScenario(io.cucumber.testng.PickleWrapper,io.cucumber.testng.FeatureWrapper)[pri:0, instance:runner.TestRunner@45c7e403]" started-at="2026-05-04T14:47:01 IST" name="runScenario" description="Runs Cucumber Scenarios" data-provider="scenarios" finished-at="2026-05-04T14:47:06 IST" duration-ms="5152" status="FAIL">
          <params>
            <param index="0">
              <value>
                <![CDATA["Verify login pop-up appears"]]>
              </value>
            </param>
            <param index="1">
              <value>
                <![CDATA["DemoBlaze Login Feature"]]>
              </value>
            </param>
          </params>
          <exception class="java.lang.AssertionError">
            <message>
              <![CDATA[Login pop-up is not visible expected [true] but found [false]]]>
            </message>
            <full-stacktrace>
              <![CDATA[java.lang.AssertionError: Login pop-up is not visible expected [true] but found [false]
at org.testng.Assert.fail(Assert.java:111)
at org.testng.Assert.failNotEquals(Assert.java:1590)
at org.testng.Assert.assertTrue(Assert.java:57)
at stepdefinitions.LoginStepDefinition.verifyLoginPopup(LoginStepDefinition.java:55)
at ✽.the login pop-up should be displayed(file:///D:/EXPLEO%20SMARTCLIFF/Phase%20-%207%20Automation%20Testing/Cucumber/cucumberDemoBlaze/src/test/resources/features/login.feature:9)
]]>
            </full-stacktrace>
          </exception> <!-- java.lang.AssertionError -->
          <reporter-output>
          </reporter-output>
        </test-method> <!-- runScenario -->
        <test-method signature="runScenario(io.cucumber.testng.PickleWrapper,io.cucumber.testng.FeatureWrapper)[pri:0, instance:runner.TestRunner@45c7e403]" started-at="2026-05-04T14:47:06 IST" name="runScenario" description="Runs Cucumber Scenarios" data-provider="scenarios" finished-at="2026-05-04T14:47:12 IST" duration-ms="6072" status="PASS">
          <params>
            <param index="0">
              <value>
                <![CDATA["Login with valid credentials"]]>
              </value>
            </param>
            <param index="1">
              <value>
                <![CDATA["DemoBlaze Login Feature"]]>
              </value>
            </param>
          </params>
          <reporter-output>
          </reporter-output>
        </test-method> <!-- runScenario -->
        <test-method signature="runScenario(io.cucumber.testng.PickleWrapper,io.cucumber.testng.FeatureWrapper)[pri:0, instance:runner.TestRunner@45c7e403]" started-at="2026-05-04T14:47:12 IST" name="runScenario" description="Runs Cucumber Scenarios" data-provider="scenarios" finished-at="2026-05-04T14:47:17 IST" duration-ms="5264" status="PASS">
          <params>
            <param index="0">
              <value>
                <![CDATA["Login with invalid password"]]>
              </value>
            </param>
            <param index="1">
              <value>
                <![CDATA["DemoBlaze Login Feature"]]>
              </value>
            </param>
          </params>
          <reporter-output>
          </reporter-output>
        </test-method> <!-- runScenario -->
        <test-method signature="runScenario(io.cucumber.testng.PickleWrapper,io.cucumber.testng.FeatureWrapper)[pri:0, instance:runner.TestRunner@45c7e403]" started-at="2026-05-04T14:47:17 IST" name="runScenario" description="Runs Cucumber Scenarios" data-provider="scenarios" finished-at="2026-05-04T14:47:22 IST" duration-ms="4456" status="PASS">
          <params>
            <param index="0">
              <value>
                <![CDATA["Login with invalid username"]]>
              </value>
            </param>
            <param index="1">
              <value>
                <![CDATA["DemoBlaze Login Feature"]]>
              </value>
            </param>
          </params>
          <reporter-output>
          </reporter-output>
        </test-method> <!-- runScenario -->
        <test-method is-config="true" signature="tearDownClass()[pri:0, instance:runner.TestRunner@45c7e403]" started-at="2026-05-04T14:47:22 IST" name="tearDownClass" finished-at="2026-05-04T14:47:22 IST" duration-ms="47" status="PASS">
          <reporter-output>
          </reporter-output>
        </test-method> <!-- tearDownClass -->
      </class> <!-- runner.TestRunner -->
    </test> <!-- Default test -->
  </suite> <!-- Default suite -->
</testng-results>
