<?xml version="1.0" encoding="UTF-8"?>
<!-- Generated by org.testng.reporters.JUnitXMLReporter -->
<testsuite ignored="0" hostname="VIGNESHWARAN" failures="1" tests="6" name="Test" time="2.927" errors="0" timestamp="2026-04-17T15:22:58 IST">
  <testcase classname="practice.SequenceCheck" name="b" time="0.016"/>
  <testcase classname="practice.SequenceCheck" name="c" time="0.003"/>
  <testcase classname="practice.SequenceCheck" name="a" time="0.004"/>
  <testcase classname="practice.HierarchyCheck" name="d" time="0.005"/>
  <testcase classname="practice.HierarchyCheck" name="f" time="0.008"/>
  <testcase classname="practice.AssertExample" name="f" time="0.068">
    <failure type="java.lang.AssertionError" message="Both are different objects. expected [Vetri] but found [Vetri]">
      <![CDATA[java.lang.AssertionError: Both are different objects. expected [Vetri] but found [Vetri]
at practice.AssertExample.f(AssertExample.java:23)
at java.base/java.util.ArrayList.forEach(ArrayList.java:1511)
... Removed 30 stack frames]]>
    </failure>
  </testcase> <!-- f -->
</testsuite> <!-- Test -->
