<?xml version="1.0" encoding="utf-8"?><testsuites name="pytest tests"><testsuite name="pytest" errors="0" failures="0" skipped="0" tests="4" time="29.997" timestamp="2026-06-09T16:06:21.676137+05:30" hostname="VIGNESHWARAN"><testcase classname="Tests.data_driven_login_test" name="test_invalid_login[admin-admindcbdc57-Wrong password.]" time="27.062" /><testcase classname="Tests.data_driven_login_test" name="test_invalid_login[admin-admin09876-Wrong password.]" time="27.302" /><testcase classname="Tests.data_driven_login_test" name="test_valid_login[ronaldo007-admin]" time="26.920" /><testcase classname="Tests.data_driven_login_test" name="test_valid_login[admin-admin]" time="27.590" /></testsuite></testsuites>