<?xml version="1.0" encoding="UTF-8"?>
<testng-results ignored="0" total="4" passed="4" failed="0" skipped="0">
  <reporter-output>
  </reporter-output>
  <suite started-at="2026-06-16T16:38:02 IST" name="Suite" finished-at="2026-06-16T16:38:09 IST" duration-ms="6340">
    <groups>
    </groups>
    <test started-at="2026-06-16T16:38:02 IST" name="Test" finished-at="2026-06-16T16:38:09 IST" duration-ms="6340">
      <class name="tests.UsingPOJO">
        <test-method signature="createUserUsingPOJO()[pri:0, instance:tests.UsingPOJO@3e694b3f]" started-at="2026-06-16T16:38:09 IST" name="createUserUsingPOJO" finished-at="2026-06-16T16:38:09 IST" duration-ms="231" status="PASS">
          <reporter-output>
          </reporter-output>
        </test-method> <!-- createUserUsingPOJO -->
      </class> <!-- tests.UsingPOJO -->
      <class name="tests.UsingMap">
        <test-method signature="createUserUsingMap()[pri:0, instance:tests.UsingMap@59474f18]" started-at="2026-06-16T16:38:08 IST" name="createUserUsingMap" finished-at="2026-06-16T16:38:08 IST" duration-ms="741" status="PASS">
          <reporter-output>
          </reporter-output>
        </test-method> <!-- createUserUsingMap -->
      </class> <!-- tests.UsingMap -->
      <class name="tests.UsingJSONFile">
        <test-method signature="createUserUsingJSONFile()[pri:0, instance:tests.UsingJSONFile@14cd1699]" started-at="2026-06-16T16:38:03 IST" name="createUserUsingJSONFile" finished-at="2026-06-16T16:38:08 IST" duration-ms="5010" status="PASS">
          <reporter-output>
          </reporter-output>
        </test-method> <!-- createUserUsingJSONFile -->
      </class> <!-- tests.UsingJSONFile -->
      <class name="tests.UsingJSONObject">
        <test-method signature="createUserUsingJSONObject()[pri:0, instance:tests.UsingJSONObject@65fb9ffc]" started-at="2026-06-16T16:38:08 IST" name="createUserUsingJSONObject" finished-at="2026-06-16T16:38:09 IST" duration-ms="219" status="PASS">
          <reporter-output>
          </reporter-output>
        </test-method> <!-- createUserUsingJSONObject -->
      </class> <!-- tests.UsingJSONObject -->
    </test> <!-- Test -->
  </suite> <!-- Suite -->
</testng-results>
