<?xml version="1.0" encoding="UTF-8"?>
<!-- Generated by org.testng.reporters.JUnitXMLReporter -->
<testsuite ignored="1" hostname="VIGNESHWARAN" failures="0" tests="4" name="Default test" time="10.435" errors="0" timestamp="2026-06-19T07:02:57 IST">
  <testcase classname="api.tests.HealthCheckTest" name="healthCheckTest" time="2.916"/>
  <testcase classname="api.tests.LoginTest" name="validLoginTest" time="5.077"/>
  <testcase classname="api.tests.CreateNoteTest" name="createNoteWithAllFields" time="1.773"/>
  <testcase classname="api.tests.CreateNoteTest" name="createNoteWithAllFields" time="2.244"/>
  <testcase classname="api.tests.LoginTest" name="invalidLoginTest" time="0.0">
    <ignored/>
  </testcase> <!-- invalidLoginTest -->
</testsuite> <!-- Default test -->
