<?xml version="1.0" encoding="UTF-8"?>
<!-- Generated by org.testng.reporters.JUnitReportReporter -->
<testsuite hostname="VIGNESHWARAN" failures="0" tests="6" name="api.tests.LoginTest" time="15.370" errors="0" timestamp="2026-08-19T15:58:27 IST" skipped="0">
  <testcase classname="api.tests.LoginTest" name="invalidLoginTest" time="1.951"/>
  <testcase classname="api.tests.LoginTest" name="invalidLoginTest" time="2.791"/>
  <testcase classname="api.tests.LoginTest" name="invalidLoginTest" time="1.952"/>
  <testcase classname="api.tests.LoginTest" name="invalidLoginTest" time="1.337"/>
  <testcase classname="api.tests.LoginTest" name="validLoginTest" time="5.926"/>
  <testcase classname="api.tests.LoginTest" name="invalidLoginTest" time="1.413"/>
</testsuite> <!-- api.tests.LoginTest -->
