<?xml version="1.0" encoding="UTF-8"?>
<!-- Generated by org.testng.reporters.JUnitReportReporter -->
<testsuite hostname="VIGNESHWARAN" failures="0" tests="3" name="api.tests.CreateNoteTest" time="7.761" errors="0" timestamp="2026-08-19T15:58:27 IST" skipped="0">
  <testcase classname="api.tests.CreateNoteTest" name="validCreateNoteTest" time="3.811"/>
  <testcase classname="api.tests.CreateNoteTest" name="validCreateNoteTest" time="3.197"/>
  <testcase classname="api.tests.CreateNoteTest" name="createNoteWithoutToken" time="0.753"/>
</testsuite> <!-- api.tests.CreateNoteTest -->
