<?xml version="1.0" encoding="UTF-8"?>
<testng-results ignored="0" total="10" passed="6" failed="4" skipped="0">
  <reporter-output>
  </reporter-output>
  <suite started-at="2026-04-21T20:59:52 IST" name="Default suite" finished-at="2026-04-21T21:00:44 IST" duration-ms="51670">
    <groups>
    </groups>
    <test started-at="2026-04-21T20:59:52 IST" name="Default test" finished-at="2026-04-21T21:00:44 IST" duration-ms="51670">
      <class name="test.TutorialNinja">
        <test-method is-config="true" signature="beforeMethod()[pri:0, instance:test.TutorialNinja@14cd1699]" started-at="2026-04-21T20:59:53 IST" name="beforeMethod" finished-at="2026-04-21T20:59:58 IST" duration-ms="4816" status="PASS">
          <reporter-output>
          </reporter-output>
        </test-method> <!-- beforeMethod -->
        <test-method signature="invalidLoginTest(java.lang.String,java.lang.String)[pri:0, instance:test.TutorialNinja@14cd1699]" started-at="2026-04-21T20:59:58 IST" name="invalidLoginTest" data-provider="invalidDataSet" finished-at="2026-04-21T21:00:00 IST" duration-ms="1650" status="PASS">
          <params>
            <param index="0">
              <value>
                <![CDATA[admin]]>
              </value>
            </param>
            <param index="1">
              <value>
                <![CDATA[admin123]]>
              </value>
            </param>
          </params>
          <reporter-output>
          </reporter-output>
        </test-method> <!-- invalidLoginTest -->
        <test-method is-config="true" signature="afterMehod()[pri:0, instance:test.TutorialNinja@14cd1699]" started-at="2026-04-21T21:00:00 IST" name="afterMehod" finished-at="2026-04-21T21:00:00 IST" duration-ms="426" status="PASS">
          <reporter-output>
          </reporter-output>
        </test-method> <!-- afterMehod -->
        <test-method is-config="true" signature="beforeMethod()[pri:0, instance:test.TutorialNinja@14cd1699]" started-at="2026-04-21T21:00:00 IST" name="beforeMethod" finished-at="2026-04-21T21:00:03 IST" duration-ms="2490" status="PASS">
          <reporter-output>
          </reporter-output>
        </test-method> <!-- beforeMethod -->
        <test-method signature="invalidLoginTest(java.lang.String,java.lang.String)[pri:0, instance:test.TutorialNinja@14cd1699]" started-at="2026-04-21T21:00:03 IST" name="invalidLoginTest" data-provider="invalidDataSet" finished-at="2026-04-21T21:00:09 IST" duration-ms="6619" status="PASS">
          <params>
            <param index="0">
              <value>
                <![CDATA[admin]]>
              </value>
            </param>
            <param index="1">
              <value>
                <![CDATA[admin234]]>
              </value>
            </param>
          </params>
          <reporter-output>
          </reporter-output>
        </test-method> <!-- invalidLoginTest -->
        <test-method is-config="true" signature="afterMehod()[pri:0, instance:test.TutorialNinja@14cd1699]" started-at="2026-04-21T21:00:09 IST" name="afterMehod" finished-at="2026-04-21T21:00:10 IST" duration-ms="272" status="PASS">
          <reporter-output>
          </reporter-output>
        </test-method> <!-- afterMehod -->
        <test-method is-config="true" signature="beforeMethod()[pri:0, instance:test.TutorialNinja@14cd1699]" started-at="2026-04-21T21:00:10 IST" name="beforeMethod" finished-at="2026-04-21T21:00:12 IST" duration-ms="2442" status="PASS">
          <reporter-output>
          </reporter-output>
        </test-method> <!-- beforeMethod -->
        <test-method signature="searchTestWithInvalidDataSet(java.lang.String)[pri:0, instance:test.TutorialNinja@14cd1699]" started-at="2026-04-21T21:00:12 IST" name="searchTestWithInvalidDataSet" data-provider="invalidSearchDataSet" finished-at="2026-04-21T21:00:13 IST" duration-ms="568" status="PASS">
          <params>
            <param index="0">
              <value>
                <![CDATA[kiot]]>
              </value>
            </param>
          </params>
          <reporter-output>
          </reporter-output>
        </test-method> <!-- searchTestWithInvalidDataSet -->
        <test-method is-config="true" signature="afterMehod()[pri:0, instance:test.TutorialNinja@14cd1699]" started-at="2026-04-21T21:00:13 IST" name="afterMehod" finished-at="2026-04-21T21:00:13 IST" duration-ms="174" status="PASS">
          <reporter-output>
          </reporter-output>
        </test-method> <!-- afterMehod -->
        <test-method is-config="true" signature="beforeMethod()[pri:0, instance:test.TutorialNinja@14cd1699]" started-at="2026-04-21T21:00:13 IST" name="beforeMethod" finished-at="2026-04-21T21:00:16 IST" duration-ms="2735" status="PASS">
          <reporter-output>
          </reporter-output>
        </test-method> <!-- beforeMethod -->
        <test-method signature="searchTestWithValidDataSet(java.lang.String)[pri:0, instance:test.TutorialNinja@14cd1699]" started-at="2026-04-21T21:00:16 IST" name="searchTestWithValidDataSet" data-provider="validSearchDataSet" finished-at="2026-04-21T21:00:17 IST" duration-ms="906" status="PASS">
          <params>
            <param index="0">
              <value>
                <![CDATA[Mac]]>
              </value>
            </param>
          </params>
          <reporter-output>
          </reporter-output>
        </test-method> <!-- searchTestWithValidDataSet -->
        <test-method is-config="true" signature="afterMehod()[pri:0, instance:test.TutorialNinja@14cd1699]" started-at="2026-04-21T21:00:17 IST" name="afterMehod" finished-at="2026-04-21T21:00:17 IST" duration-ms="178" status="PASS">
          <reporter-output>
          </reporter-output>
        </test-method> <!-- afterMehod -->
        <test-method is-config="true" signature="beforeMethod()[pri:0, instance:test.TutorialNinja@14cd1699]" started-at="2026-04-21T21:00:17 IST" name="beforeMethod" finished-at="2026-04-21T21:00:20 IST" duration-ms="3618" status="PASS">
          <reporter-output>
          </reporter-output>
        </test-method> <!-- beforeMethod -->
        <test-method signature="searchTestWithValidDataSet(java.lang.String)[pri:0, instance:test.TutorialNinja@14cd1699]" started-at="2026-04-21T21:00:20 IST" name="searchTestWithValidDataSet" data-provider="validSearchDataSet" finished-at="2026-04-21T21:00:22 IST" duration-ms="1749" status="PASS">
          <params>
            <param index="0">
              <value>
                <![CDATA[Apple]]>
              </value>
            </param>
          </params>
          <reporter-output>
          </reporter-output>
        </test-method> <!-- searchTestWithValidDataSet -->
        <test-method is-config="true" signature="afterMehod()[pri:0, instance:test.TutorialNinja@14cd1699]" started-at="2026-04-21T21:00:22 IST" name="afterMehod" finished-at="2026-04-21T21:00:22 IST" duration-ms="247" status="PASS">
          <reporter-output>
          </reporter-output>
        </test-method> <!-- afterMehod -->
        <test-method is-config="true" signature="beforeMethod()[pri:0, instance:test.TutorialNinja@14cd1699]" started-at="2026-04-21T21:00:22 IST" name="beforeMethod" finished-at="2026-04-21T21:00:26 IST" duration-ms="3211" status="PASS">
          <reporter-output>
          </reporter-output>
        </test-method> <!-- beforeMethod -->
        <test-method signature="searchTestWithValidDataSet(java.lang.String)[pri:0, instance:test.TutorialNinja@14cd1699]" started-at="2026-04-21T21:00:26 IST" name="searchTestWithValidDataSet" data-provider="validSearchDataSet" finished-at="2026-04-21T21:00:26 IST" duration-ms="690" status="PASS">
          <params>
            <param index="0">
              <value>
                <![CDATA[Samsung]]>
              </value>
            </param>
          </params>
          <reporter-output>
          </reporter-output>
        </test-method> <!-- searchTestWithValidDataSet -->
        <test-method is-config="true" signature="afterMehod()[pri:0, instance:test.TutorialNinja@14cd1699]" started-at="2026-04-21T21:00:26 IST" name="afterMehod" finished-at="2026-04-21T21:00:26 IST" duration-ms="229" status="PASS">
          <reporter-output>
          </reporter-output>
        </test-method> <!-- afterMehod -->
        <test-method is-config="true" signature="beforeMethod()[pri:0, instance:test.TutorialNinja@14cd1699]" started-at="2026-04-21T21:00:26 IST" name="beforeMethod" finished-at="2026-04-21T21:00:30 IST" duration-ms="3297" status="PASS">
          <reporter-output>
          </reporter-output>
        </test-method> <!-- beforeMethod -->
        <test-method signature="searchTestWithValidDataSet(java.lang.String)[pri:0, instance:test.TutorialNinja@14cd1699]" started-at="2026-04-21T21:00:30 IST" name="searchTestWithValidDataSet" data-provider="validSearchDataSet" finished-at="2026-04-21T21:00:30 IST" duration-ms="504" status="FAIL">
          <params>
            <param index="0">
              <value>
                <![CDATA[Laptop]]>
              </value>
            </param>
          </params>
          <exception class="java.lang.AssertionError">
            <message>
              <![CDATA[expected [true] but found [false]]]>
            </message>
            <full-stacktrace>
              <![CDATA[java.lang.AssertionError: expected [true] but found [false]
at org.testng.Assert.fail(Assert.java:111)
at org.testng.Assert.failNotEquals(Assert.java:1590)
at org.testng.Assert.assertTrue(Assert.java:57)
at org.testng.Assert.assertTrue(Assert.java:67)
at test.TutorialNinja.searchTestWithValidDataSet(TutorialNinja.java:85)
at java.base/jdk.internal.reflect.NativeMethodAccessorImpl.invoke0(Native Method)
at java.base/jdk.internal.reflect.NativeMethodAccessorImpl.invoke(NativeMethodAccessorImpl.java:77)
at java.base/jdk.internal.reflect.DelegatingMethodAccessorImpl.invoke(DelegatingMethodAccessorImpl.java:43)
at java.base/java.lang.reflect.Method.invoke(Method.java:569)
at org.testng.internal.invokers.MethodInvocationHelper.invokeMethod(MethodInvocationHelper.java:141)
at org.testng.internal.invokers.TestInvoker.invokeMethod(TestInvoker.java:697)
at org.testng.internal.invokers.TestInvoker.invokeTestMethod(TestInvoker.java:230)
at org.testng.internal.invokers.MethodRunner.runInSequence(MethodRunner.java:63)
at org.testng.internal.invokers.TestInvoker$MethodInvocationAgent.invoke(TestInvoker.java:1005)
at org.testng.internal.invokers.TestInvoker.invokeTestMethods(TestInvoker.java:203)
at org.testng.internal.invokers.TestMethodWorker.invokeTestMethods(TestMethodWorker.java:154)
at org.testng.internal.invokers.TestMethodWorker.run(TestMethodWorker.java:134)
at java.base/java.util.ArrayList.forEach(ArrayList.java:1511)
at org.testng.TestRunner.privateRun(TestRunner.java:744)
at org.testng.TestRunner.run(TestRunner.java:616)
at org.testng.SuiteRunner.runTest(SuiteRunner.java:421)
at org.testng.SuiteRunner.runSequentially(SuiteRunner.java:413)
at org.testng.SuiteRunner.privateRun(SuiteRunner.java:373)
at org.testng.SuiteRunner.run(SuiteRunner.java:312)
at org.testng.SuiteRunnerWorker.runSuite(SuiteRunnerWorker.java:52)
at org.testng.SuiteRunnerWorker.run(SuiteRunnerWorker.java:95)
at org.testng.TestNG.runSuitesSequentially(TestNG.java:1274)
at org.testng.TestNG.runSuitesLocally(TestNG.java:1208)
at org.testng.TestNG.runSuites(TestNG.java:1112)
at org.testng.TestNG.run(TestNG.java:1079)
at org.testng.remote.AbstractRemoteTestNG.run(AbstractRemoteTestNG.java:115)
at org.testng.remote.RemoteTestNG.initAndRun(RemoteTestNG.java:293)
at org.testng.remote.RemoteTestNG.main(RemoteTestNG.java:91)
]]>
            </full-stacktrace>
          </exception> <!-- java.lang.AssertionError -->
          <reporter-output>
          </reporter-output>
        </test-method> <!-- searchTestWithValidDataSet -->
        <test-method is-config="true" signature="afterMehod()[pri:0, instance:test.TutorialNinja@14cd1699]" started-at="2026-04-21T21:00:30 IST" name="afterMehod" finished-at="2026-04-21T21:00:31 IST" duration-ms="280" status="PASS">
          <reporter-output>
          </reporter-output>
        </test-method> <!-- afterMehod -->
        <test-method is-config="true" signature="beforeMethod()[pri:0, instance:test.TutorialNinja@14cd1699]" started-at="2026-04-21T21:00:31 IST" name="beforeMethod" finished-at="2026-04-21T21:00:34 IST" duration-ms="3130" status="PASS">
          <reporter-output>
          </reporter-output>
        </test-method> <!-- beforeMethod -->
        <test-method signature="searchTestWithValidDataSet(java.lang.String)[pri:0, instance:test.TutorialNinja@14cd1699]" started-at="2026-04-21T21:00:34 IST" name="searchTestWithValidDataSet" data-provider="validSearchDataSet" finished-at="2026-04-21T21:00:34 IST" duration-ms="461" status="FAIL">
          <params>
            <param index="0">
              <value>
                <![CDATA[Mobile]]>
              </value>
            </param>
          </params>
          <exception class="java.lang.AssertionError">
            <message>
              <![CDATA[expected [true] but found [false]]]>
            </message>
            <full-stacktrace>
              <![CDATA[java.lang.AssertionError: expected [true] but found [false]
at org.testng.Assert.fail(Assert.java:111)
at org.testng.Assert.failNotEquals(Assert.java:1590)
at org.testng.Assert.assertTrue(Assert.java:57)
at org.testng.Assert.assertTrue(Assert.java:67)
at test.TutorialNinja.searchTestWithValidDataSet(TutorialNinja.java:85)
at java.base/jdk.internal.reflect.NativeMethodAccessorImpl.invoke0(Native Method)
at java.base/jdk.internal.reflect.NativeMethodAccessorImpl.invoke(NativeMethodAccessorImpl.java:77)
at java.base/jdk.internal.reflect.DelegatingMethodAccessorImpl.invoke(DelegatingMethodAccessorImpl.java:43)
at java.base/java.lang.reflect.Method.invoke(Method.java:569)
at org.testng.internal.invokers.MethodInvocationHelper.invokeMethod(MethodInvocationHelper.java:141)
at org.testng.internal.invokers.TestInvoker.invokeMethod(TestInvoker.java:697)
at org.testng.internal.invokers.TestInvoker.invokeTestMethod(TestInvoker.java:230)
at org.testng.internal.invokers.MethodRunner.runInSequence(MethodRunner.java:63)
at org.testng.internal.invokers.TestInvoker$MethodInvocationAgent.invoke(TestInvoker.java:1005)
at org.testng.internal.invokers.TestInvoker.invokeTestMethods(TestInvoker.java:203)
at org.testng.internal.invokers.TestMethodWorker.invokeTestMethods(TestMethodWorker.java:154)
at org.testng.internal.invokers.TestMethodWorker.run(TestMethodWorker.java:134)
at java.base/java.util.ArrayList.forEach(ArrayList.java:1511)
at org.testng.TestRunner.privateRun(TestRunner.java:744)
at org.testng.TestRunner.run(TestRunner.java:616)
at org.testng.SuiteRunner.runTest(SuiteRunner.java:421)
at org.testng.SuiteRunner.runSequentially(SuiteRunner.java:413)
at org.testng.SuiteRunner.privateRun(SuiteRunner.java:373)
at org.testng.SuiteRunner.run(SuiteRunner.java:312)
at org.testng.SuiteRunnerWorker.runSuite(SuiteRunnerWorker.java:52)
at org.testng.SuiteRunnerWorker.run(SuiteRunnerWorker.java:95)
at org.testng.TestNG.runSuitesSequentially(TestNG.java:1274)
at org.testng.TestNG.runSuitesLocally(TestNG.java:1208)
at org.testng.TestNG.runSuites(TestNG.java:1112)
at org.testng.TestNG.run(TestNG.java:1079)
at org.testng.remote.AbstractRemoteTestNG.run(AbstractRemoteTestNG.java:115)
at org.testng.remote.RemoteTestNG.initAndRun(RemoteTestNG.java:293)
at org.testng.remote.RemoteTestNG.main(RemoteTestNG.java:91)
]]>
            </full-stacktrace>
          </exception> <!-- java.lang.AssertionError -->
          <reporter-output>
          </reporter-output>
        </test-method> <!-- searchTestWithValidDataSet -->
        <test-method is-config="true" signature="afterMehod()[pri:0, instance:test.TutorialNinja@14cd1699]" started-at="2026-04-21T21:00:34 IST" name="afterMehod" finished-at="2026-04-21T21:00:34 IST" duration-ms="206" status="PASS">
          <reporter-output>
          </reporter-output>
        </test-method> <!-- afterMehod -->
        <test-method is-config="true" signature="beforeMethod()[pri:0, instance:test.TutorialNinja@14cd1699]" started-at="2026-04-21T21:00:34 IST" name="beforeMethod" finished-at="2026-04-21T21:00:37 IST" duration-ms="2934" status="PASS">
          <reporter-output>
          </reporter-output>
        </test-method> <!-- beforeMethod -->
        <test-method signature="validLoginTest(java.lang.String,java.lang.String)[pri:0, instance:test.TutorialNinja@14cd1699]" started-at="2026-04-21T21:00:37 IST" name="validLoginTest" data-provider="validDataSet" finished-at="2026-04-21T21:00:40 IST" duration-ms="2653" status="FAIL">
          <params>
            <param index="0">
              <value>
                <![CDATA[hl@gmail.com]]>
              </value>
            </param>
            <param index="1">
              <value>
                <![CDATA[admin]]>
              </value>
            </param>
          </params>
          <exception class="java.lang.AssertionError">
            <message>
              <![CDATA[expected [true] but found [false]]]>
            </message>
            <full-stacktrace>
              <![CDATA[java.lang.AssertionError: expected [true] but found [false]
at org.testng.Assert.fail(Assert.java:111)
at org.testng.Assert.failNotEquals(Assert.java:1590)
at org.testng.Assert.assertTrue(Assert.java:57)
at org.testng.Assert.assertTrue(Assert.java:67)
at test.TutorialNinja.validLoginTest(TutorialNinja.java:48)
at java.base/jdk.internal.reflect.NativeMethodAccessorImpl.invoke0(Native Method)
at java.base/jdk.internal.reflect.NativeMethodAccessorImpl.invoke(NativeMethodAccessorImpl.java:77)
at java.base/jdk.internal.reflect.DelegatingMethodAccessorImpl.invoke(DelegatingMethodAccessorImpl.java:43)
at java.base/java.lang.reflect.Method.invoke(Method.java:569)
at org.testng.internal.invokers.MethodInvocationHelper.invokeMethod(MethodInvocationHelper.java:141)
at org.testng.internal.invokers.TestInvoker.invokeMethod(TestInvoker.java:697)
at org.testng.internal.invokers.TestInvoker.invokeTestMethod(TestInvoker.java:230)
at org.testng.internal.invokers.MethodRunner.runInSequence(MethodRunner.java:63)
at org.testng.internal.invokers.TestInvoker$MethodInvocationAgent.invoke(TestInvoker.java:1005)
at org.testng.internal.invokers.TestInvoker.invokeTestMethods(TestInvoker.java:203)
at org.testng.internal.invokers.TestMethodWorker.invokeTestMethods(TestMethodWorker.java:154)
at org.testng.internal.invokers.TestMethodWorker.run(TestMethodWorker.java:134)
at java.base/java.util.ArrayList.forEach(ArrayList.java:1511)
at org.testng.TestRunner.privateRun(TestRunner.java:744)
at org.testng.TestRunner.run(TestRunner.java:616)
at org.testng.SuiteRunner.runTest(SuiteRunner.java:421)
at org.testng.SuiteRunner.runSequentially(SuiteRunner.java:413)
at org.testng.SuiteRunner.privateRun(SuiteRunner.java:373)
at org.testng.SuiteRunner.run(SuiteRunner.java:312)
at org.testng.SuiteRunnerWorker.runSuite(SuiteRunnerWorker.java:52)
at org.testng.SuiteRunnerWorker.run(SuiteRunnerWorker.java:95)
at org.testng.TestNG.runSuitesSequentially(TestNG.java:1274)
at org.testng.TestNG.runSuitesLocally(TestNG.java:1208)
at org.testng.TestNG.runSuites(TestNG.java:1112)
at org.testng.TestNG.run(TestNG.java:1079)
at org.testng.remote.AbstractRemoteTestNG.run(AbstractRemoteTestNG.java:115)
at org.testng.remote.RemoteTestNG.initAndRun(RemoteTestNG.java:293)
at org.testng.remote.RemoteTestNG.main(RemoteTestNG.java:91)
]]>
            </full-stacktrace>
          </exception> <!-- java.lang.AssertionError -->
          <reporter-output>
          </reporter-output>
        </test-method> <!-- validLoginTest -->
        <test-method is-config="true" signature="afterMehod()[pri:0, instance:test.TutorialNinja@14cd1699]" started-at="2026-04-21T21:00:40 IST" name="afterMehod" finished-at="2026-04-21T21:00:40 IST" duration-ms="218" status="PASS">
          <reporter-output>
          </reporter-output>
        </test-method> <!-- afterMehod -->
        <test-method is-config="true" signature="beforeMethod()[pri:0, instance:test.TutorialNinja@14cd1699]" started-at="2026-04-21T21:00:40 IST" name="beforeMethod" finished-at="2026-04-21T21:00:43 IST" duration-ms="2426" status="PASS">
          <reporter-output>
          </reporter-output>
        </test-method> <!-- beforeMethod -->
        <test-method signature="validLoginTest(java.lang.String,java.lang.String)[pri:0, instance:test.TutorialNinja@14cd1699]" started-at="2026-04-21T21:00:43 IST" name="validLoginTest" data-provider="validDataSet" finished-at="2026-04-21T21:00:44 IST" duration-ms="821" status="FAIL">
          <params>
            <param index="0">
              <value>
                <![CDATA[vigneshwaran.coder@gmail.com]]>
              </value>
            </param>
            <param index="1">
              <value>
                <![CDATA[1234]]>
              </value>
            </param>
          </params>
          <exception class="java.lang.AssertionError">
            <message>
              <![CDATA[expected [true] but found [false]]]>
            </message>
            <full-stacktrace>
              <![CDATA[java.lang.AssertionError: expected [true] but found [false]
at org.testng.Assert.fail(Assert.java:111)
at org.testng.Assert.failNotEquals(Assert.java:1590)
at org.testng.Assert.assertTrue(Assert.java:57)
at org.testng.Assert.assertTrue(Assert.java:67)
at test.TutorialNinja.validLoginTest(TutorialNinja.java:48)
at java.base/jdk.internal.reflect.NativeMethodAccessorImpl.invoke0(Native Method)
at java.base/jdk.internal.reflect.NativeMethodAccessorImpl.invoke(NativeMethodAccessorImpl.java:77)
at java.base/jdk.internal.reflect.DelegatingMethodAccessorImpl.invoke(DelegatingMethodAccessorImpl.java:43)
at java.base/java.lang.reflect.Method.invoke(Method.java:569)
at org.testng.internal.invokers.MethodInvocationHelper.invokeMethod(MethodInvocationHelper.java:141)
at org.testng.internal.invokers.TestInvoker.invokeMethod(TestInvoker.java:697)
at org.testng.internal.invokers.TestInvoker.invokeTestMethod(TestInvoker.java:230)
at org.testng.internal.invokers.MethodRunner.runInSequence(MethodRunner.java:63)
at org.testng.internal.invokers.TestInvoker$MethodInvocationAgent.invoke(TestInvoker.java:1005)
at org.testng.internal.invokers.TestInvoker.invokeTestMethods(TestInvoker.java:203)
at org.testng.internal.invokers.TestMethodWorker.invokeTestMethods(TestMethodWorker.java:154)
at org.testng.internal.invokers.TestMethodWorker.run(TestMethodWorker.java:134)
at java.base/java.util.ArrayList.forEach(ArrayList.java:1511)
at org.testng.TestRunner.privateRun(TestRunner.java:744)
at org.testng.TestRunner.run(TestRunner.java:616)
at org.testng.SuiteRunner.runTest(SuiteRunner.java:421)
at org.testng.SuiteRunner.runSequentially(SuiteRunner.java:413)
at org.testng.SuiteRunner.privateRun(SuiteRunner.java:373)
at org.testng.SuiteRunner.run(SuiteRunner.java:312)
at org.testng.SuiteRunnerWorker.runSuite(SuiteRunnerWorker.java:52)
at org.testng.SuiteRunnerWorker.run(SuiteRunnerWorker.java:95)
at org.testng.TestNG.runSuitesSequentially(TestNG.java:1274)
at org.testng.TestNG.runSuitesLocally(TestNG.java:1208)
at org.testng.TestNG.runSuites(TestNG.java:1112)
at org.testng.TestNG.run(TestNG.java:1079)
at org.testng.remote.AbstractRemoteTestNG.run(AbstractRemoteTestNG.java:115)
at org.testng.remote.RemoteTestNG.initAndRun(RemoteTestNG.java:293)
at org.testng.remote.RemoteTestNG.main(RemoteTestNG.java:91)
]]>
            </full-stacktrace>
          </exception> <!-- java.lang.AssertionError -->
          <reporter-output>
          </reporter-output>
        </test-method> <!-- validLoginTest -->
        <test-method is-config="true" signature="afterMehod()[pri:0, instance:test.TutorialNinja@14cd1699]" started-at="2026-04-21T21:00:44 IST" name="afterMehod" finished-at="2026-04-21T21:00:44 IST" duration-ms="227" status="PASS">
          <reporter-output>
          </reporter-output>
        </test-method> <!-- afterMehod -->
      </class> <!-- test.TutorialNinja -->
    </test> <!-- Default test -->
  </suite> <!-- Default suite -->
</testng-results>
