<?xml version="1.0" encoding="UTF-8"?>
<testng-results ignored="0" total="10" passed="10" failed="0" skipped="0">
  <reporter-output>
  </reporter-output>
  <suite started-at="2026-04-21T21:52:47 IST" name="Default suite" finished-at="2026-04-21T21:53:33 IST" duration-ms="45627">
    <groups>
    </groups>
    <test started-at="2026-04-21T21:52:47 IST" name="Default test" finished-at="2026-04-21T21:53:33 IST" duration-ms="45627">
      <class name="test.TutorialNinja">
        <test-method is-config="true" signature="beforeMethod()[pri:0, instance:test.TutorialNinja@14cd1699]" started-at="2026-04-21T21:52:49 IST" name="beforeMethod" finished-at="2026-04-21T21:52:54 IST" duration-ms="5314" status="PASS">
          <reporter-output>
          </reporter-output>
        </test-method> <!-- beforeMethod -->
        <test-method signature="invalidLoginTest(java.lang.String,java.lang.String)[pri:0, instance:test.TutorialNinja@14cd1699]" started-at="2026-04-21T21:52:54 IST" name="invalidLoginTest" data-provider="invalidDataSet" finished-at="2026-04-21T21:52:57 IST" duration-ms="2908" status="PASS">
          <params>
            <param index="0">
              <value>
                <![CDATA[admin]]>
              </value>
            </param>
            <param index="1">
              <value>
                <![CDATA[admin123]]>
              </value>
            </param>
          </params>
          <reporter-output>
          </reporter-output>
        </test-method> <!-- invalidLoginTest -->
        <test-method is-config="true" signature="afterMehod()[pri:0, instance:test.TutorialNinja@14cd1699]" started-at="2026-04-21T21:52:57 IST" name="afterMehod" finished-at="2026-04-21T21:52:57 IST" duration-ms="328" status="PASS">
          <reporter-output>
          </reporter-output>
        </test-method> <!-- afterMehod -->
        <test-method is-config="true" signature="beforeMethod()[pri:0, instance:test.TutorialNinja@14cd1699]" started-at="2026-04-21T21:52:57 IST" name="beforeMethod" finished-at="2026-04-21T21:53:00 IST" duration-ms="2705" status="PASS">
          <reporter-output>
          </reporter-output>
        </test-method> <!-- beforeMethod -->
        <test-method signature="invalidLoginTest(java.lang.String,java.lang.String)[pri:0, instance:test.TutorialNinja@14cd1699]" started-at="2026-04-21T21:53:00 IST" name="invalidLoginTest" data-provider="invalidDataSet" finished-at="2026-04-21T21:53:02 IST" duration-ms="1826" status="PASS">
          <params>
            <param index="0">
              <value>
                <![CDATA[admin]]>
              </value>
            </param>
            <param index="1">
              <value>
                <![CDATA[admin234]]>
              </value>
            </param>
          </params>
          <reporter-output>
          </reporter-output>
        </test-method> <!-- invalidLoginTest -->
        <test-method is-config="true" signature="afterMehod()[pri:0, instance:test.TutorialNinja@14cd1699]" started-at="2026-04-21T21:53:02 IST" name="afterMehod" finished-at="2026-04-21T21:53:02 IST" duration-ms="270" status="PASS">
          <reporter-output>
          </reporter-output>
        </test-method> <!-- afterMehod -->
        <test-method is-config="true" signature="beforeMethod()[pri:0, instance:test.TutorialNinja@14cd1699]" started-at="2026-04-21T21:53:02 IST" name="beforeMethod" finished-at="2026-04-21T21:53:05 IST" duration-ms="2790" status="PASS">
          <reporter-output>
          </reporter-output>
        </test-method> <!-- beforeMethod -->
        <test-method signature="searchTestWithInvalidDataSet(java.lang.String)[pri:0, instance:test.TutorialNinja@14cd1699]" started-at="2026-04-21T21:53:05 IST" name="searchTestWithInvalidDataSet" data-provider="invalidSearchDataSet" finished-at="2026-04-21T21:53:05 IST" duration-ms="404" status="PASS">
          <params>
            <param index="0">
              <value>
                <![CDATA[kiot]]>
              </value>
            </param>
          </params>
          <reporter-output>
          </reporter-output>
        </test-method> <!-- searchTestWithInvalidDataSet -->
        <test-method is-config="true" signature="afterMehod()[pri:0, instance:test.TutorialNinja@14cd1699]" started-at="2026-04-21T21:53:05 IST" name="afterMehod" finished-at="2026-04-21T21:53:06 IST" duration-ms="310" status="PASS">
          <reporter-output>
          </reporter-output>
        </test-method> <!-- afterMehod -->
        <test-method is-config="true" signature="beforeMethod()[pri:0, instance:test.TutorialNinja@14cd1699]" started-at="2026-04-21T21:53:06 IST" name="beforeMethod" finished-at="2026-04-21T21:53:07 IST" duration-ms="1670" status="PASS">
          <reporter-output>
          </reporter-output>
        </test-method> <!-- beforeMethod -->
        <test-method signature="searchTestWithInvalidDataSet(java.lang.String)[pri:0, instance:test.TutorialNinja@14cd1699]" started-at="2026-04-21T21:53:07 IST" name="searchTestWithInvalidDataSet" data-provider="invalidSearchDataSet" finished-at="2026-04-21T21:53:08 IST" duration-ms="1244" status="PASS">
          <params>
            <param index="0">
              <value>
                <![CDATA[Laptop]]>
              </value>
            </param>
          </params>
          <reporter-output>
          </reporter-output>
        </test-method> <!-- searchTestWithInvalidDataSet -->
        <test-method is-config="true" signature="afterMehod()[pri:0, instance:test.TutorialNinja@14cd1699]" started-at="2026-04-21T21:53:08 IST" name="afterMehod" finished-at="2026-04-21T21:53:09 IST" duration-ms="248" status="PASS">
          <reporter-output>
          </reporter-output>
        </test-method> <!-- afterMehod -->
        <test-method is-config="true" signature="beforeMethod()[pri:0, instance:test.TutorialNinja@14cd1699]" started-at="2026-04-21T21:53:09 IST" name="beforeMethod" finished-at="2026-04-21T21:53:11 IST" duration-ms="1869" status="PASS">
          <reporter-output>
          </reporter-output>
        </test-method> <!-- beforeMethod -->
        <test-method signature="searchTestWithInvalidDataSet(java.lang.String)[pri:0, instance:test.TutorialNinja@14cd1699]" started-at="2026-04-21T21:53:11 IST" name="searchTestWithInvalidDataSet" data-provider="invalidSearchDataSet" finished-at="2026-04-21T21:53:13 IST" duration-ms="2474" status="PASS">
          <params>
            <param index="0">
              <value>
                <![CDATA[Mobile]]>
              </value>
            </param>
          </params>
          <reporter-output>
          </reporter-output>
        </test-method> <!-- searchTestWithInvalidDataSet -->
        <test-method is-config="true" signature="afterMehod()[pri:0, instance:test.TutorialNinja@14cd1699]" started-at="2026-04-21T21:53:13 IST" name="afterMehod" finished-at="2026-04-21T21:53:13 IST" duration-ms="279" status="PASS">
          <reporter-output>
          </reporter-output>
        </test-method> <!-- afterMehod -->
        <test-method is-config="true" signature="beforeMethod()[pri:0, instance:test.TutorialNinja@14cd1699]" started-at="2026-04-21T21:53:13 IST" name="beforeMethod" finished-at="2026-04-21T21:53:15 IST" duration-ms="1568" status="PASS">
          <reporter-output>
          </reporter-output>
        </test-method> <!-- beforeMethod -->
        <test-method signature="searchTestWithValidDataSet(java.lang.String)[pri:0, instance:test.TutorialNinja@14cd1699]" started-at="2026-04-21T21:53:15 IST" name="searchTestWithValidDataSet" data-provider="validSearchDataSet" finished-at="2026-04-21T21:53:16 IST" duration-ms="1485" status="PASS">
          <params>
            <param index="0">
              <value>
                <![CDATA[Mac]]>
              </value>
            </param>
          </params>
          <reporter-output>
          </reporter-output>
        </test-method> <!-- searchTestWithValidDataSet -->
        <test-method is-config="true" signature="afterMehod()[pri:0, instance:test.TutorialNinja@14cd1699]" started-at="2026-04-21T21:53:16 IST" name="afterMehod" finished-at="2026-04-21T21:53:17 IST" duration-ms="277" status="PASS">
          <reporter-output>
          </reporter-output>
        </test-method> <!-- afterMehod -->
        <test-method is-config="true" signature="beforeMethod()[pri:0, instance:test.TutorialNinja@14cd1699]" started-at="2026-04-21T21:53:17 IST" name="beforeMethod" finished-at="2026-04-21T21:53:19 IST" duration-ms="2520" status="PASS">
          <reporter-output>
          </reporter-output>
        </test-method> <!-- beforeMethod -->
        <test-method signature="searchTestWithValidDataSet(java.lang.String)[pri:0, instance:test.TutorialNinja@14cd1699]" started-at="2026-04-21T21:53:19 IST" name="searchTestWithValidDataSet" data-provider="validSearchDataSet" finished-at="2026-04-21T21:53:20 IST" duration-ms="454" status="PASS">
          <params>
            <param index="0">
              <value>
                <![CDATA[Apple]]>
              </value>
            </param>
          </params>
          <reporter-output>
          </reporter-output>
        </test-method> <!-- searchTestWithValidDataSet -->
        <test-method is-config="true" signature="afterMehod()[pri:0, instance:test.TutorialNinja@14cd1699]" started-at="2026-04-21T21:53:20 IST" name="afterMehod" finished-at="2026-04-21T21:53:20 IST" duration-ms="331" status="PASS">
          <reporter-output>
          </reporter-output>
        </test-method> <!-- afterMehod -->
        <test-method is-config="true" signature="beforeMethod()[pri:0, instance:test.TutorialNinja@14cd1699]" started-at="2026-04-21T21:53:20 IST" name="beforeMethod" finished-at="2026-04-21T21:53:23 IST" duration-ms="2451" status="PASS">
          <reporter-output>
          </reporter-output>
        </test-method> <!-- beforeMethod -->
        <test-method signature="searchTestWithValidDataSet(java.lang.String)[pri:0, instance:test.TutorialNinja@14cd1699]" started-at="2026-04-21T21:53:23 IST" name="searchTestWithValidDataSet" data-provider="validSearchDataSet" finished-at="2026-04-21T21:53:23 IST" duration-ms="715" status="PASS">
          <params>
            <param index="0">
              <value>
                <![CDATA[Samsung]]>
              </value>
            </param>
          </params>
          <reporter-output>
          </reporter-output>
        </test-method> <!-- searchTestWithValidDataSet -->
        <test-method is-config="true" signature="afterMehod()[pri:0, instance:test.TutorialNinja@14cd1699]" started-at="2026-04-21T21:53:23 IST" name="afterMehod" finished-at="2026-04-21T21:53:24 IST" duration-ms="384" status="PASS">
          <reporter-output>
          </reporter-output>
        </test-method> <!-- afterMehod -->
        <test-method is-config="true" signature="beforeMethod()[pri:0, instance:test.TutorialNinja@14cd1699]" started-at="2026-04-21T21:53:24 IST" name="beforeMethod" finished-at="2026-04-21T21:53:26 IST" duration-ms="2585" status="PASS">
          <reporter-output>
          </reporter-output>
        </test-method> <!-- beforeMethod -->
        <test-method signature="validLoginTest(java.lang.String,java.lang.String)[pri:0, instance:test.TutorialNinja@14cd1699]" started-at="2026-04-21T21:53:26 IST" name="validLoginTest" data-provider="validDataSet" finished-at="2026-04-21T21:53:28 IST" duration-ms="2045" status="PASS">
          <params>
            <param index="0">
              <value>
                <![CDATA[hl@gmail.com]]>
              </value>
            </param>
            <param index="1">
              <value>
                <![CDATA[admin]]>
              </value>
            </param>
          </params>
          <reporter-output>
          </reporter-output>
        </test-method> <!-- validLoginTest -->
        <test-method is-config="true" signature="afterMehod()[pri:0, instance:test.TutorialNinja@14cd1699]" started-at="2026-04-21T21:53:28 IST" name="afterMehod" finished-at="2026-04-21T21:53:29 IST" duration-ms="239" status="PASS">
          <reporter-output>
          </reporter-output>
        </test-method> <!-- afterMehod -->
        <test-method is-config="true" signature="beforeMethod()[pri:0, instance:test.TutorialNinja@14cd1699]" started-at="2026-04-21T21:53:29 IST" name="beforeMethod" finished-at="2026-04-21T21:53:30 IST" duration-ms="1466" status="PASS">
          <reporter-output>
          </reporter-output>
        </test-method> <!-- beforeMethod -->
        <test-method signature="validLoginTest(java.lang.String,java.lang.String)[pri:0, instance:test.TutorialNinja@14cd1699]" started-at="2026-04-21T21:53:30 IST" name="validLoginTest" data-provider="validDataSet" finished-at="2026-04-21T21:53:33 IST" duration-ms="2635" status="PASS">
          <params>
            <param index="0">
              <value>
                <![CDATA[vigneshwaran.coder@gmail.com]]>
              </value>
            </param>
            <param index="1">
              <value>
                <![CDATA[1234]]>
              </value>
            </param>
          </params>
          <reporter-output>
          </reporter-output>
        </test-method> <!-- validLoginTest -->
        <test-method is-config="true" signature="afterMehod()[pri:0, instance:test.TutorialNinja@14cd1699]" started-at="2026-04-21T21:53:33 IST" name="afterMehod" finished-at="2026-04-21T21:53:33 IST" duration-ms="265" status="PASS">
          <reporter-output>
          </reporter-output>
        </test-method> <!-- afterMehod -->
      </class> <!-- test.TutorialNinja -->
    </test> <!-- Default test -->
  </suite> <!-- Default suite -->
</testng-results>
