<?xml version="1.0" encoding="UTF-8"?>
<!-- Generated by org.testng.reporters.JUnitReportReporter -->
<testsuite hostname="VIGNESHWARAN" failures="1" tests="4" name="runner.TestRunner" time="20.944" errors="0" timestamp="2026-05-04T14:47:22 IST" skipped="0">
  <testcase classname="runner.TestRunner" name="runScenario" time="4.456"/>
  <testcase classname="runner.TestRunner" name="runScenario" time="5.152">
    <failure message="Login pop-up is not visible expected [true] but found [false]" type="java.lang.AssertionError">
      <![CDATA[java.lang.AssertionError: Login pop-up is not visible expected [true] but found [false]
at org.testng.Assert.fail(Assert.java:111)
at org.testng.Assert.failNotEquals(Assert.java:1590)
at org.testng.Assert.assertTrue(Assert.java:57)
at stepdefinitions.LoginStepDefinition.verifyLoginPopup(LoginStepDefinition.java:55)
at ✽.the login pop-up should be displayed(file:///D:/EXPLEO%20SMARTCLIFF/Phase%20-%207%20Automation%20Testing/Cucumber/cucumberDemoBlaze/src/test/resources/features/login.feature:9)
]]>
    </failure>
  </testcase> <!-- runScenario -->
  <testcase classname="runner.TestRunner" name="runScenario" time="6.072"/>
  <testcase classname="runner.TestRunner" name="runScenario" time="5.264"/>
</testsuite> <!-- runner.TestRunner -->
