<?xml version="1.0" encoding="UTF-8"?>
<!-- Generated by org.testng.reporters.JUnitXMLReporter -->
<testsuite ignored="0" hostname="VIGNESHWARAN" failures="0" tests="10" name="Default test" time="45.627" errors="0" timestamp="2026-04-21T21:53:33 IST">
  <testcase classname="test.TutorialNinja" name="invalidLoginTest" time="2.908"/>
  <testcase classname="test.TutorialNinja" name="invalidLoginTest" time="1.826"/>
  <testcase classname="test.TutorialNinja" name="searchTestWithInvalidDataSet" time="0.404"/>
  <testcase classname="test.TutorialNinja" name="searchTestWithInvalidDataSet" time="1.244"/>
  <testcase classname="test.TutorialNinja" name="searchTestWithInvalidDataSet" time="2.474"/>
  <testcase classname="test.TutorialNinja" name="searchTestWithValidDataSet" time="1.485"/>
  <testcase classname="test.TutorialNinja" name="searchTestWithValidDataSet" time="0.454"/>
  <testcase classname="test.TutorialNinja" name="searchTestWithValidDataSet" time="0.715"/>
  <testcase classname="test.TutorialNinja" name="validLoginTest" time="2.045"/>
  <testcase classname="test.TutorialNinja" name="validLoginTest" time="2.635"/>
</testsuite> <!-- Default test -->
