<?xml version="1.0" encoding="UTF-8"?>
<!-- Generated by org.testng.reporters.JUnitReportReporter -->
<testsuite hostname="VIGNESHWARAN" failures="0" tests="4" name="com.tests.CalculatorTesting" time="15.049" errors="0" timestamp="2026-06-23T07:50:46 IST" skipped="0">
  <testcase classname="com.tests.CalculatorTesting" name="verifySubtractionWorkflow" time="3.522"/>
  <testcase classname="com.tests.CalculatorTesting" name="verifyAdditionWorkflow" time="4.031"/>
  <testcase classname="com.tests.CalculatorTesting" name="verifyDivisionWorkflow" time="3.333"/>
  <testcase classname="com.tests.CalculatorTesting" name="verifyMultiplicationWorkflow" time="4.163"/>
</testsuite> <!-- com.tests.CalculatorTesting -->
