<?xml version="1.0" encoding="UTF-8"?>
<!-- Generated by org.testng.reporters.JUnitReportReporter -->
<testsuite hostname="VIGNESHWARAN" failures="0" tests="2" name="com.tests.DataDrivenNotes" time="6.803" errors="2" timestamp="2026-06-23T07:51:25 IST" skipped="0">
  <testcase classname="com.tests.DataDrivenNotes" name="sendNotes" time="0.000">
    <error message="
Data Provider public java.lang.Object[][] com.dataproviders.NotesDataProvider.getNotesData() returned a null value" type="org.testng.TestNGException">
      <![CDATA[org.testng.TestNGException: 
Data Provider public java.lang.Object[][] com.dataproviders.NotesDataProvider.getNotesData() returned a null value
at org.testng.internal.invokers.MethodInvocationHelper.invokeDataProvider(MethodInvocationHelper.java:161)
at org.testng.internal.Parameters.handleParameters(Parameters.java:809)
at org.testng.internal.Parameters.handleParameters(Parameters.java:734)
at org.testng.internal.invokers.ParameterHandler.handleParameters(ParameterHandler.java:72)
at org.testng.internal.invokers.ParameterHandler.createParameters(ParameterHandler.java:51)
at org.testng.internal.invokers.TestInvoker$MethodInvocationAgent.invoke(TestInvoker.java:946)
at org.testng.internal.invokers.TestInvoker.invokeTestMethods(TestInvoker.java:203)
at org.testng.internal.invokers.TestMethodWorker.invokeTestMethods(TestMethodWorker.java:154)
at org.testng.internal.invokers.TestMethodWorker.run(TestMethodWorker.java:134)
at java.base/java.util.ArrayList.forEach(ArrayList.java:1511)
at org.testng.TestRunner.privateRun(TestRunner.java:739)
at org.testng.TestRunner.run(TestRunner.java:614)
at org.testng.SuiteRunner.runTest(SuiteRunner.java:421)
at org.testng.SuiteRunner.runSequentially(SuiteRunner.java:413)
at org.testng.SuiteRunner.privateRun(SuiteRunner.java:373)
at org.testng.SuiteRunner.run(SuiteRunner.java:312)
at org.testng.SuiteRunnerWorker.runSuite(SuiteRunnerWorker.java:52)
at org.testng.SuiteRunnerWorker.run(SuiteRunnerWorker.java:95)
at org.testng.TestNG.runSuitesSequentially(TestNG.java:1274)
at org.testng.TestNG.runSuitesLocally(TestNG.java:1208)
at org.testng.TestNG.runSuites(TestNG.java:1112)
at org.testng.TestNG.run(TestNG.java:1079)
at org.testng.remote.AbstractRemoteTestNG.run(AbstractRemoteTestNG.java:115)
at org.testng.remote.RemoteTestNG.initAndRun(RemoteTestNG.java:293)
at org.testng.remote.RemoteTestNG.main(RemoteTestNG.java:91)
]]>
    </error>
  </testcase> <!-- sendNotes -->
  <testcase classname="com.tests.DataDrivenNotes" name="setUp" time="6.803">
    <error message="Could not start a new session. Response code 500. Message: Cannot start the &#039;com.atomczak.notepat&#039; application. Consider checking the driver&#039;s troubleshooting documentation. Original error: Error executing adbExec. Original error: &#039;Command &#039;&#039;C:\Android\Sdk\platform-tools\adb.exe&#039; -P 5037 -s R9ZL50NGWQX shell am start-activity -W -n com.atomczak.notepat/com.atomczak.notepat.MainActivity -S -a android.intent.action.MAIN -c android.intent.category.LAUNCHER -f 0x10200000&#039; exited with code 1&#039;; Command output: Stopping: com.atomczak.notepat
Starting: Intent { act=android.intent.action.MAIN cat=[android.intent.category.LAUNCHER] flg=0x10200000 cmp=com.atomczak.notepat/.MainActivity }
Error type 3
Error: Activity class {com.atomczak.notepat/com.atomczak.notepat.MainActivity} does not exist.
 
Host info: host: &#039;VIGNESHWARAN&#039;, ip: &#039;10.177.18.249&#039;
Build info: version: &#039;4.13.0&#039;, revision: &#039;ba948ece5b*&#039;
System info: os.name: &#039;Windows 11&#039;, os.arch: &#039;amd64&#039;, os.version: &#039;10.0&#039;, java.version: &#039;17.0.18&#039;
Driver info: io.appium.java_client.android.AndroidDriver
Command: [null, newSession {capabilities=[{appium:noReset=true, appium:udid=R9ZL50NGWQX, appium:appActivity=com.atomczak.notepat.MainActivity, platformName=ANDROID, appium:automationName=UiAutomator2, appium:appPackage=com.atomczak.notepat}], desiredCapabilities=Capabilities {appium:appActivity: com.atomczak.notepat.MainAc..., appium:appPackage: com.atomczak.notepat, appium:automationName: UiAutomator2, appium:noReset: true, appium:udid: R9ZL50NGWQX, platformName: ANDROID}}]
Capabilities {appium:appActivity: com.atomczak.notepat.MainAc..., appium:appPackage: com.atomczak.notepat, appium:automationName: UiAutomator2, appium:noReset: true, appium:udid: R9ZL50NGWQX, platformName: ANDROID}" type="org.openqa.selenium.SessionNotCreatedException">
      <![CDATA[org.openqa.selenium.SessionNotCreatedException: Could not start a new session. Response code 500. Message: Cannot start the 'com.atomczak.notepat' application. Consider checking the driver's troubleshooting documentation. Original error: Error executing adbExec. Original error: 'Command ''C:\Android\Sdk\platform-tools\adb.exe' -P 5037 -s R9ZL50NGWQX shell am start-activity -W -n com.atomczak.notepat/com.atomczak.notepat.MainActivity -S -a android.intent.action.MAIN -c android.intent.category.LAUNCHER -f 0x10200000' exited with code 1'; Command output: Stopping: com.atomczak.notepat
Starting: Intent { act=android.intent.action.MAIN cat=[android.intent.category.LAUNCHER] flg=0x10200000 cmp=com.atomczak.notepat/.MainActivity }
Error type 3
Error: Activity class {com.atomczak.notepat/com.atomczak.notepat.MainActivity} does not exist.
 
Host info: host: 'VIGNESHWARAN', ip: '10.177.18.249'
Build info: version: '4.13.0', revision: 'ba948ece5b*'
System info: os.name: 'Windows 11', os.arch: 'amd64', os.version: '10.0', java.version: '17.0.18'
Driver info: io.appium.java_client.android.AndroidDriver
Command: [null, newSession {capabilities=[{appium:noReset=true, appium:udid=R9ZL50NGWQX, appium:appActivity=com.atomczak.notepat.MainActivity, platformName=ANDROID, appium:automationName=UiAutomator2, appium:appPackage=com.atomczak.notepat}], desiredCapabilities=Capabilities {appium:appActivity: com.atomczak.notepat.MainAc..., appium:appPackage: com.atomczak.notepat, appium:automationName: UiAutomator2, appium:noReset: true, appium:udid: R9ZL50NGWQX, platformName: ANDROID}}]
Capabilities {appium:appActivity: com.atomczak.notepat.MainAc..., appium:appPackage: com.atomczak.notepat, appium:automationName: UiAutomator2, appium:noReset: true, appium:udid: R9ZL50NGWQX, platformName: ANDROID}
at org.openqa.selenium.remote.ProtocolHandshake.createSession(ProtocolHandshake.java:140)
at java.base/jdk.internal.reflect.NativeMethodAccessorImpl.invoke0(Native Method)
at java.base/jdk.internal.reflect.NativeMethodAccessorImpl.invoke(NativeMethodAccessorImpl.java:77)
at java.base/jdk.internal.reflect.DelegatingMethodAccessorImpl.invoke(DelegatingMethodAccessorImpl.java:43)
at java.base/java.lang.reflect.Method.invoke(Method.java:569)
at io.appium.java_client.remote.AppiumProtocolHandshake.createSession(AppiumProtocolHandshake.java:133)
at io.appium.java_client.remote.AppiumProtocolHandshake.createSession(AppiumProtocolHandshake.java:102)
at io.appium.java_client.remote.AppiumCommandExecutor.createSession(AppiumCommandExecutor.java:182)
at io.appium.java_client.remote.AppiumCommandExecutor.execute(AppiumCommandExecutor.java:250)
at org.openqa.selenium.remote.RemoteWebDriver.execute(RemoteWebDriver.java:602)
at io.appium.java_client.AppiumDriver.startSession(AppiumDriver.java:274)
at org.openqa.selenium.remote.RemoteWebDriver.<init>(RemoteWebDriver.java:163)
at io.appium.java_client.AppiumDriver.<init>(AppiumDriver.java:89)
at io.appium.java_client.AppiumDriver.<init>(AppiumDriver.java:101)
at io.appium.java_client.android.AndroidDriver.<init>(AndroidDriver.java:113)
at com.tests.DataDrivenNotes.setUp(DataDrivenNotes.java:35)
at java.base/jdk.internal.reflect.NativeMethodAccessorImpl.invoke0(Native Method)
at java.base/jdk.internal.reflect.NativeMethodAccessorImpl.invoke(NativeMethodAccessorImpl.java:77)
at java.base/jdk.internal.reflect.DelegatingMethodAccessorImpl.invoke(DelegatingMethodAccessorImpl.java:43)
at java.base/java.lang.reflect.Method.invoke(Method.java:569)
at org.testng.internal.invokers.MethodInvocationHelper.invokeMethod(MethodInvocationHelper.java:141)
at org.testng.internal.invokers.MethodInvocationHelper.invokeMethodConsideringTimeout(MethodInvocationHelper.java:71)
at org.testng.internal.invokers.ConfigInvoker.invokeConfigurationMethod(ConfigInvoker.java:400)
at org.testng.internal.invokers.ConfigInvoker.invokeConfigurations(ConfigInvoker.java:333)
at org.testng.internal.invokers.TestMethodWorker.invokeBeforeClassMethods(TestMethodWorker.java:188)
at org.testng.internal.invokers.TestMethodWorker.run(TestMethodWorker.java:128)
at java.base/java.util.ArrayList.forEach(ArrayList.java:1511)
at org.testng.TestRunner.privateRun(TestRunner.java:739)
at org.testng.TestRunner.run(TestRunner.java:614)
at org.testng.SuiteRunner.runTest(SuiteRunner.java:421)
at org.testng.SuiteRunner.runSequentially(SuiteRunner.java:413)
at org.testng.SuiteRunner.privateRun(SuiteRunner.java:373)
at org.testng.SuiteRunner.run(SuiteRunner.java:312)
at org.testng.SuiteRunnerWorker.runSuite(SuiteRunnerWorker.java:52)
at org.testng.SuiteRunnerWorker.run(SuiteRunnerWorker.java:95)
at org.testng.TestNG.runSuitesSequentially(TestNG.java:1274)
at org.testng.TestNG.runSuitesLocally(TestNG.java:1208)
at org.testng.TestNG.runSuites(TestNG.java:1112)
at org.testng.TestNG.run(TestNG.java:1079)
at org.testng.remote.AbstractRemoteTestNG.run(AbstractRemoteTestNG.java:115)
at org.testng.remote.RemoteTestNG.initAndRun(RemoteTestNG.java:293)
at org.testng.remote.RemoteTestNG.main(RemoteTestNG.java:91)
]]>
    </error>
  </testcase> <!-- setUp -->
</testsuite> <!-- com.tests.DataDrivenNotes -->
