<?xml version="1.0" encoding="utf-8"?><testsuites name="pytest tests"><testsuite name="pytest" errors="0" failures="0" skipped="0" tests="4" time="19.866" timestamp="2026-06-10T05:12:38.051631+05:30" hostname="VIGNESHWARAN"><testcase classname="Tests.login_test.TestLogin" name="test_invalid_login[hlhl@gmail.com-admin123-Warning: No match for E-Mail Address and/or Password.]" time="16.899" /><testcase classname="Tests.login_test.TestLogin" name="test_valid_login[hlhl@gmail.com-admin0]" time="17.448" /><testcase classname="Tests.login_test.TestLogin" name="test_valid_login[hlhl@gmail.com-admin1]" time="17.306" /><testcase classname="Tests.login_test.TestLogin" name="test_invalid_login[hlhls@gmail.com-admin-Warning: No match for E-Mail Address and/or Password.]" time="17.387" /></testsuite></testsuites>